Compiled jquery.js  (5ms)  (pid 53426)
Compiled jquery-ui.js  (8ms)  (pid 53426)
Compiled jquery_ujs.js  (0ms)  (pid 53426)
Compiled active_admin/application.js  (0ms)  (pid 53426)
Compiled active_admin/base.js  (115ms)  (pid 53426)
Compiled active_admin.js  (125ms)  (pid 53426)
Compiled admin/blog.js  (84ms)  (pid 53426)
Compiled admin/events.js  (92ms)  (pid 53426)
Compiled bgstretcher.js  (0ms)  (pid 53426)
Compiled blog.js  (85ms)  (pid 53426)
Compiled home.js  (90ms)  (pid 53426)
Compiled jquery.blueberry.js  (0ms)  (pid 53426)
Compiled libs/jquery-1.6.2.js  (7ms)  (pid 53426)
Compiled libs/jquery-1.6.2.min.js  (2ms)  (pid 53426)
Compiled libs/modernizr-2.0.6.min.js  (0ms)  (pid 53426)
Compiled pages.js  (89ms)  (pid 53426)
Compiled plugins.js  (0ms)  (pid 53426)
Compiled posts.js  (102ms)  (pid 53426)
Compiled script.js  (0ms)  (pid 53426)
Compiled application.js  (751ms)  (pid 53426)
Compiled active_admin.css  (2685ms)  (pid 53426)
Compiled MyFontsWebfontsKit.css  (0ms)  (pid 53426)
Compiled admin/blog.css  (1ms)  (pid 53426)
Compiled admin/events.css  (2ms)  (pid 53426)
Compiled bgstretcher.css  (0ms)  (pid 53426)
Compiled blog.css  (2ms)  (pid 53426)
Compiled blueberry.css  (0ms)  (pid 53426)
Compiled grid.css  (0ms)  (pid 53426)
Compiled home.css  (2ms)  (pid 53426)
Compiled pages.css  (2ms)  (pid 53426)
Compiled posts.css  (2ms)  (pid 53426)
Compiled reset.css  (0ms)  (pid 53426)
Compiled scaffolds.css  (278ms)  (pid 53426)
Compiled slider.css  (0ms)  (pid 53426)
Compiled style.css  (0ms)  (pid 53426)
Compiled application.css  (427ms)  (pid 53426)
Compiled jquery.js  (4ms)  (pid 89733)
Compiled jquery-ui.js  (6ms)  (pid 89733)
Compiled jquery_ujs.js  (0ms)  (pid 89733)
Compiled active_admin/application.js  (0ms)  (pid 89733)
Compiled active_admin/base.js  (130ms)  (pid 89733)
Compiled active_admin.js  (139ms)  (pid 89733)
Compiled admin/blog.js  (64ms)  (pid 89733)
Compiled admin/events.js  (61ms)  (pid 89733)
Compiled bgstretcher.js  (0ms)  (pid 89733)
Compiled blog.js  (61ms)  (pid 89733)
Compiled code.photoswipe-3.0.4.js  (3ms)  (pid 89733)
Compiled code.photoswipe-3.0.4.min.js  (1ms)  (pid 89733)
Compiled code.photoswipe.jquery-3.0.4.js  (3ms)  (pid 89733)
Compiled code.photoswipe.jquery-3.0.4.min.js  (1ms)  (pid 89733)
Compiled home.js  (60ms)  (pid 89733)
Compiled jquery.blueberry.js  (0ms)  (pid 89733)
Compiled libs/jquery-1.6.2.js  (5ms)  (pid 89733)
Compiled libs/jquery-1.6.2.min.js  (1ms)  (pid 89733)
Compiled libs/klass.min.js  (0ms)  (pid 89733)
Compiled libs/modernizr-2.0.6.min.js  (1ms)  (pid 89733)
Compiled pages.js  (170ms)  (pid 89733)
Compiled plugins.js  (0ms)  (pid 89733)
Compiled posts.js  (65ms)  (pid 89733)
Compiled script.js  (0ms)  (pid 89733)
Compiled application.js  (657ms)  (pid 89733)
Compiled active_admin.css  (2530ms)  (pid 89733)
Compiled MyFontsWebfontsKit.css  (0ms)  (pid 89733)
Compiled admin/blog.css  (2ms)  (pid 89733)
Compiled admin/events.css  (2ms)  (pid 89733)
Compiled bgstretcher.css  (0ms)  (pid 89733)
Compiled blog.css  (2ms)  (pid 89733)
Compiled blueberry.css  (0ms)  (pid 89733)
Compiled grid.css  (0ms)  (pid 89733)
Compiled home.css  (1ms)  (pid 89733)
Compiled pages.css  (1ms)  (pid 89733)
Compiled photoswipe.css  (0ms)  (pid 89733)
Compiled posts.css  (2ms)  (pid 89733)
Compiled reset.css  (0ms)  (pid 89733)
Compiled slider.css  (0ms)  (pid 89733)
Compiled style.css  (0ms)  (pid 89733)
Compiled application.css  (121ms)  (pid 89733)
Compiled jquery.js  (5ms)  (pid 89753)
Compiled jquery-ui.js  (7ms)  (pid 89753)
Compiled jquery_ujs.js  (0ms)  (pid 89753)
Compiled active_admin/application.js  (0ms)  (pid 89753)
Compiled active_admin/base.js  (114ms)  (pid 89753)
Compiled active_admin.js  (122ms)  (pid 89753)
Compiled admin/blog.js  (60ms)  (pid 89753)
Compiled admin/events.js  (65ms)  (pid 89753)
Compiled bgstretcher.js  (0ms)  (pid 89753)
Compiled blog.js  (69ms)  (pid 89753)
Compiled code.photoswipe-3.0.4.js  (3ms)  (pid 89753)
Compiled code.photoswipe-3.0.4.min.js  (1ms)  (pid 89753)
Compiled code.photoswipe.jquery-3.0.4.js  (3ms)  (pid 89753)
Compiled code.photoswipe.jquery-3.0.4.min.js  (1ms)  (pid 89753)
Compiled home.js  (81ms)  (pid 89753)
Compiled jquery.blueberry.js  (1ms)  (pid 89753)
Compiled libs/jquery-1.6.2.js  (7ms)  (pid 89753)
Compiled libs/jquery-1.6.2.min.js  (2ms)  (pid 89753)
Compiled libs/klass.min.js  (0ms)  (pid 89753)
Compiled libs/modernizr-2.0.6.min.js  (0ms)  (pid 89753)
Compiled pages.js  (112ms)  (pid 89753)
Compiled plugins.js  (0ms)  (pid 89753)
Compiled posts.js  (268ms)  (pid 89753)
Compiled script.js  (1ms)  (pid 89753)
Compiled application.js  (855ms)  (pid 89753)
Compiled active_admin.css  (2576ms)  (pid 89753)
Compiled MyFontsWebfontsKit.css  (0ms)  (pid 89753)
Compiled admin/blog.css  (2ms)  (pid 89753)
Compiled admin/events.css  (2ms)  (pid 89753)
Compiled bgstretcher.css  (0ms)  (pid 89753)
Compiled blog.css  (2ms)  (pid 89753)
Compiled blueberry.css  (0ms)  (pid 89753)
Compiled grid.css  (0ms)  (pid 89753)
Compiled home.css  (2ms)  (pid 89753)
Compiled pages.css  (2ms)  (pid 89753)
Compiled photoswipe.css  (0ms)  (pid 89753)
Compiled posts.css  (1ms)  (pid 89753)
Compiled reset.css  (0ms)  (pid 89753)
Compiled style.css  (1ms)  (pid 89753)
Compiled application.css  (125ms)  (pid 89753)
Compiled jquery.js  (4ms)  (pid 89775)
Compiled jquery-ui.js  (7ms)  (pid 89775)
Compiled jquery_ujs.js  (0ms)  (pid 89775)
Compiled active_admin/application.js  (0ms)  (pid 89775)
Compiled active_admin/base.js  (105ms)  (pid 89775)
Compiled active_admin.js  (116ms)  (pid 89775)
Compiled admin/blog.js  (63ms)  (pid 89775)
Compiled admin/events.js  (63ms)  (pid 89775)
Compiled bgstretcher.js  (0ms)  (pid 89775)
Compiled blog.js  (86ms)  (pid 89775)
Compiled code.photoswipe-3.0.4.js  (5ms)  (pid 89775)
Compiled code.photoswipe-3.0.4.min.js  (2ms)  (pid 89775)
Compiled code.photoswipe.jquery-3.0.4.js  (5ms)  (pid 89775)
Compiled code.photoswipe.jquery-3.0.4.min.js  (2ms)  (pid 89775)
Compiled home.js  (83ms)  (pid 89775)
Compiled jquery.blueberry.js  (1ms)  (pid 89775)
Compiled libs/jquery-1.6.2.js  (8ms)  (pid 89775)
Compiled libs/jquery-1.6.2.min.js  (2ms)  (pid 89775)
Compiled libs/klass.min.js  (0ms)  (pid 89775)
Compiled libs/modernizr-2.0.6.min.js  (1ms)  (pid 89775)
Compiled pages.js  (91ms)  (pid 89775)
Compiled plugins.js  (0ms)  (pid 89775)
Compiled posts.js  (176ms)  (pid 89775)
Compiled script.js  (1ms)  (pid 89775)
Compiled application.js  (771ms)  (pid 89775)
Compiled active_admin.css  (2297ms)  (pid 89775)
Compiled MyFontsWebfontsKit.css  (0ms)  (pid 89775)
Compiled admin/blog.css  (1ms)  (pid 89775)
Compiled admin/events.css  (2ms)  (pid 89775)
Compiled bgstretcher.css  (0ms)  (pid 89775)
Compiled blog.css  (2ms)  (pid 89775)
Compiled blueberry.css  (0ms)  (pid 89775)
Compiled grid.css  (0ms)  (pid 89775)
Compiled home.css  (2ms)  (pid 89775)
Compiled pages.css  (2ms)  (pid 89775)
Compiled photoswipe.css  (0ms)  (pid 89775)
Compiled posts.css  (2ms)  (pid 89775)
Compiled reset.css  (0ms)  (pid 89775)
Compiled style.css  (0ms)  (pid 89775)
Compiled application.css  (117ms)  (pid 89775)
Compiled jquery.js  (115ms)  (pid 83560)
Compiled jquery-ui.js  (9ms)  (pid 83560)
Compiled jquery_ujs.js  (0ms)  (pid 83560)
Compiled active_admin/application.js  (0ms)  (pid 83560)
Compiled active_admin/base.js  (216ms)  (pid 83560)
Compiled active_admin.js  (234ms)  (pid 83560)
Compiled libs/jquery-1.6.2.js  (4ms)  (pid 83560)
Compiled libs/jquery-1.6.2.min.js  (2ms)  (pid 83560)
Compiled libs/klass.min.js  (0ms)  (pid 83560)
Compiled libs/modernizr-2.0.6.min.js  (0ms)  (pid 83560)
Compiled libs/responsiveslides.js  (0ms)  (pid 83560)
Compiled code.photoswipe-3.0.4.js  (3ms)  (pid 83560)
Compiled code.photoswipe-3.0.4.min.js  (1ms)  (pid 83560)
Compiled code.photoswipe.jquery-3.0.4.js  (2ms)  (pid 83560)
Compiled code.photoswipe.jquery-3.0.4.min.js  (1ms)  (pid 83560)
Compiled scrollTo.js  (0ms)  (pid 83560)
Compiled blog.js  (0ms)  (pid 83560)
Compiled application.js  (135ms)  (pid 83560)
Compiled active_admin.css  (97ms)  (pid 83560)
Compiled MyFontsWebfontsKit.css  (0ms)  (pid 83560)
Compiled grid.css  (0ms)  (pid 83560)
Compiled photoswipe.css  (0ms)  (pid 83560)
Compiled admin.css  (4ms)  (pid 83560)
Compiled reset_blog.css  (0ms)  (pid 83560)
Compiled style.css  (414ms)  (pid 83560)
Compiled application.css  (525ms)  (pid 83560)
Compiled jquery.js  (3ms)  (pid 8060)
Compiled jquery-ui.js  (4ms)  (pid 8060)
Compiled jquery_ujs.js  (0ms)  (pid 8060)
Compiled active_admin/application.js  (0ms)  (pid 8060)
Compiled active_admin/base.js  (127ms)  (pid 8060)
Compiled active_admin.js  (140ms)  (pid 8060)
Compiled libs/jquery-1.6.2.js  (9ms)  (pid 8060)
Compiled libs/jquery-1.6.2.min.js  (4ms)  (pid 8060)
Compiled libs/klass.min.js  (2ms)  (pid 8060)
Compiled libs/modernizr-2.0.6.min.js  (1ms)  (pid 8060)
Compiled libs/responsiveslides.js  (0ms)  (pid 8060)
Compiled code.photoswipe-3.0.4.js  (3ms)  (pid 8060)
Compiled code.photoswipe-3.0.4.min.js  (1ms)  (pid 8060)
Compiled code.photoswipe.jquery-3.0.4.js  (3ms)  (pid 8060)
Compiled code.photoswipe.jquery-3.0.4.min.js  (1ms)  (pid 8060)
Compiled scrollTo.js  (0ms)  (pid 8060)
Compiled blog.js  (0ms)  (pid 8060)
Compiled application.js  (249ms)  (pid 8060)
Compiled active_admin.css  (102ms)  (pid 8060)
Compiled MyFontsWebfontsKit.css  (0ms)  (pid 8060)
Compiled grid.css  (0ms)  (pid 8060)
Compiled photoswipe.css  (1ms)  (pid 8060)
Compiled admin.css  (7ms)  (pid 8060)
Compiled reset_blog.css  (2ms)  (pid 8060)
Compiled style.css  (407ms)  (pid 8060)
Compiled application.css  (520ms)  (pid 8060)
